[INFO] Scanning for projects...
[INFO] 
[INFO] --------------------------< org.offitec:osp >---------------------------
[INFO] Building osp 0.0.1-SNAPSHOT
[INFO]   from pom.xml
[INFO] --------------------------------[ jar ]---------------------------------
[INFO] 
[INFO] >>> spring-boot:4.0.6:run (default-cli) > test-compile @ osp >>>
[INFO] 
[INFO] --- resources:3.3.1:resources (default-resources) @ osp ---
[INFO] Copying 3 resources from src\main\resources to target\classes
[INFO] Copying 11 resources from src\main\resources to target\classes
[INFO] 
[INFO] --- compiler:3.14.1:compile (default-compile) @ osp ---
[INFO] Nothing to compile - all classes are up to date.
[INFO] 
[INFO] --- resources:3.3.1:testResources (default-testResources) @ osp ---
[INFO] skip non existing resourceDirectory C:\Users\mak\Desktop\fulls\OSP-Backend\src\test\resources
[INFO] 
[INFO] --- compiler:3.14.1:testCompile (default-testCompile) @ osp ---
[INFO] Nothing to compile - all classes are up to date.
[INFO] 
[INFO] <<< spring-boot:4.0.6:run (default-cli) < test-compile @ osp <<<
[INFO] 
[INFO] 
[INFO] --- spring-boot:4.0.6:run (default-cli) @ osp ---
[INFO] Attaching agents: []

  .   ____          _            __ _ _
 /\\ / ___'_ __ _ _(_)_ __  __ _ \ \ \ \
( ( )\___ | '_ | '_| | '_ \/ _` | \ \ \ \
 \\/  ___)| |_)| | | | | || (_| |  ) ) ) )
  '  |____| .__|_| |_|_| |_\__, | / / / /
 =========|_|==============|___/=/_/_/_/

 :: Spring Boot ::                (v4.0.6)

2026-06-26T22:36:27.458+03:00  INFO 34552 --- [osp] [           main] org.offitec.osp.OspApplication           : Starting OspApplication using Java 25.0.3 with PID 34552 (C:\Users\mak\Desktop\fulls\OSP-Backend\target\classes started by mak in C:\Users\mak\Desktop\fulls\OSP-Backend)
2026-06-26T22:36:27.460+03:00  INFO 34552 --- [osp] [           main] org.offitec.osp.OspApplication           : The following 1 profile is active: "local"
2026-06-26T22:36:28.117+03:00  INFO 34552 --- [osp] [           main] .s.d.r.c.RepositoryConfigurationDelegate : Bootstrapping Spring Data JPA repositories in DEFAULT mode.
2026-06-26T22:36:28.219+03:00  INFO 34552 --- [osp] [           main] .s.d.r.c.RepositoryConfigurationDelegate : Finished Spring Data repository scanning in 93 ms. Found 24 JPA repository interfaces.
2026-06-26T22:36:28.709+03:00  INFO 34552 --- [osp] [           main] o.s.boot.tomcat.TomcatWebServer          : Tomcat initialized with port 8080 (http)
2026-06-26T22:36:28.723+03:00  INFO 34552 --- [osp] [           main] o.apache.catalina.core.StandardService   : Starting service [Tomcat]
2026-06-26T22:36:28.724+03:00  INFO 34552 --- [osp] [           main] o.apache.catalina.core.StandardEngine    : Starting Servlet engine: [Apache Tomcat/11.0.21]
2026-06-26T22:36:28.777+03:00  INFO 34552 --- [osp] [           main] b.w.c.s.WebApplicationContextInitializer : Root WebApplicationContext: initialization completed in 1285 ms
2026-06-26T22:36:29.097+03:00  INFO 34552 --- [osp] [           main] org.hibernate.orm.jpa                    : HHH008540: Processing PersistenceUnitInfo [name: default]
2026-06-26T22:36:29.140+03:00  INFO 34552 --- [osp] [           main] org.hibernate.orm.core                   : HHH000001: Hibernate ORM core version 7.2.12.Final
2026-06-26T22:36:29.496+03:00  INFO 34552 --- [osp] [           main] o.s.o.j.p.SpringPersistenceUnitInfo      : No LoadTimeWeaver setup: ignoring JPA class transformer
2026-06-26T22:36:29.519+03:00  INFO 34552 --- [osp] [           main] com.zaxxer.hikari.HikariDataSource       : HikariPool-1 - Starting...
2026-06-26T22:36:29.624+03:00  INFO 34552 --- [osp] [           main] com.zaxxer.hikari.pool.HikariPool        : HikariPool-1 - Added connection org.postgresql.jdbc.PgConnection@1c792107
2026-06-26T22:36:29.625+03:00  INFO 34552 --- [osp] [           main] com.zaxxer.hikari.HikariDataSource       : HikariPool-1 - Start completed.
2026-06-26T22:36:29.648+03:00  WARN 34552 --- [osp] [           main] org.hibernate.orm.deprecation            : HHH90000025: PostgreSQLDialect does not need to be specified explicitly using 'hibernate.dialect' (remove the property setting and it will be selected by default)
2026-06-26T22:36:29.668+03:00  INFO 34552 --- [osp] [           main] org.hibernate.orm.connections.pooling    : HHH10001005: Database info:
	Database JDBC URL [jdbc:postgresql://localhost:5432/osp]
	Database driver: PostgreSQL JDBC Driver
	Database dialect: PostgreSQLDialect
	Database version: 18.4
	Default catalog/schema: osp/public
	Autocommit mode: undefined/unknown
	Isolation level: READ_COMMITTED [default READ_COMMITTED]
	JDBC fetch size: none
	Pool: DataSourceConnectionProvider
	Minimum pool size: undefined/unknown
	Maximum pool size: undefined/unknown
2026-06-26T22:36:30.844+03:00  INFO 34552 --- [osp] [           main] org.hibernate.orm.core                   : HHH000489: No JTA platform available (set 'hibernate.transaction.jta.platform' to enable JTA platform integration)
2026-06-26T22:36:30.918+03:00  INFO 34552 --- [osp] [           main] j.LocalContainerEntityManagerFactoryBean : Initialized JPA EntityManagerFactory for persistence unit 'default'
2026-06-26T22:36:30.961+03:00  INFO 34552 --- [osp] [           main] o.s.d.j.r.query.QueryEnhancerFactories   : Hibernate is in classpath; If applicable, HQL parser will be used.
2026-06-26T22:36:32.934+03:00  INFO 34552 --- [osp] [           main] o.o.o.i.coolprop.CoolPropNative          : CoolProp native library loaded from C:\Users\mak\AppData\Local\Temp\coolprop5525231655749318445\CoolProp.dll
2026-06-26T22:36:33.232+03:00  WARN 34552 --- [osp] [           main] JpaBaseConfiguration$JpaWebConfiguration : spring.jpa.open-in-view is enabled by default. Therefore, database queries may be performed during view rendering. Explicitly configure spring.jpa.open-in-view to disable this warning
2026-06-26T22:36:33.299+03:00  WARN 34552 --- [osp] [           main] .s.a.UserDetailsServiceAutoConfiguration : 

Using generated security password: 6505260f-f237-48f7-a2cb-a11c88c93abc

This generated password is for development use only. Your security configuration must be updated before running your application in production.

2026-06-26T22:36:33.304+03:00  INFO 34552 --- [osp] [           main] r$InitializeUserDetailsManagerConfigurer : Global AuthenticationManager configured with UserDetailsService bean with name inMemoryUserDetailsManager
2026-06-26T22:36:33.595+03:00  WARN 34552 --- [osp] [           main] ion$DefaultTemplateResolverConfiguration : Cannot find template location: classpath:/templates/ (please add some templates, check your Thymeleaf configuration, or set spring.thymeleaf.check-template-location=false)
2026-06-26T22:36:33.677+03:00  WARN 34552 --- [osp] [           main] ConfigServletWebServerApplicationContext : Exception encountered during context initialization - cancelling refresh attempt: org.springframework.context.ApplicationContextException: Failed to start bean 'webServerStartStop'
2026-06-26T22:36:33.680+03:00  INFO 34552 --- [osp] [           main] j.LocalContainerEntityManagerFactoryBean : Closing JPA EntityManagerFactory for persistence unit 'default'
2026-06-26T22:36:33.682+03:00  INFO 34552 --- [osp] [           main] com.zaxxer.hikari.HikariDataSource       : HikariPool-1 - Shutdown initiated...
2026-06-26T22:36:33.695+03:00  INFO 34552 --- [osp] [           main] com.zaxxer.hikari.HikariDataSource       : HikariPool-1 - Shutdown completed.
2026-06-26T22:36:33.702+03:00  INFO 34552 --- [osp] [           main] .s.b.a.l.ConditionEvaluationReportLogger : 

Error starting ApplicationContext. To display the condition evaluation report re-run your application with 'debug' enabled.
2026-06-26T22:36:33.719+03:00 ERROR 34552 --- [osp] [           main] o.s.b.d.LoggingFailureAnalysisReporter   : 

***************************
APPLICATION FAILED TO START
***************************

Description:

Web server failed to start. Port 8080 was already in use.

Action:

Identify and stop the process that's listening on port 8080 or configure this application to listen on another port.

[INFO] ------------------------------------------------------------------------
[INFO] BUILD FAILURE
[INFO] ------------------------------------------------------------------------
[INFO] Total time:  9.419 s
[INFO] Finished at: 2026-06-26T22:36:34+03:00
[INFO] ------------------------------------------------------------------------
[ERROR] Failed to execute goal org.springframework.boot:spring-boot-maven-plugin:4.0.6:run (default-cli) on project osp: Process terminated with exit code: 1 -> [Help 1]
[ERROR] 
[ERROR] To see the full stack trace of the errors, re-run Maven with the -e switch.
[ERROR] Re-run Maven using the -X switch to enable full debug logging.
[ERROR] 
[ERROR] For more information about the errors and possible solutions, please read the following articles:
[ERROR] [Help 1] http://cwiki.apache.org/confluence/display/MAVEN/MojoExecutionException
