[INFO] Scanning for projects...
[INFO] 
[INFO] --------------------------< org.offitec:osp >---------------------------
[INFO] Building osp 0.0.1-SNAPSHOT
[INFO]   from pom.xml
[INFO] --------------------------------[ jar ]---------------------------------
[INFO] 
[INFO] >>> spring-boot:4.0.6:run (default-cli) > test-compile @ osp >>>
[INFO] 
[INFO] --- resources:3.3.1:resources (default-resources) @ osp ---
[INFO] Copying 3 resources from src\main\resources to target\classes
[INFO] Copying 11 resources from src\main\resources to target\classes
[INFO] 
[INFO] --- compiler:3.14.1:compile (default-compile) @ osp ---
[INFO] Nothing to compile - all classes are up to date.
[INFO] 
[INFO] --- resources:3.3.1:testResources (default-testResources) @ osp ---
[INFO] skip non existing resourceDirectory C:\Users\mak\Desktop\fulls\OSP-Backend\src\test\resources
[INFO] 
[INFO] --- compiler:3.14.1:testCompile (default-testCompile) @ osp ---
[INFO] Nothing to compile - all classes are up to date.
[INFO] 
[INFO] <<< spring-boot:4.0.6:run (default-cli) < test-compile @ osp <<<
[INFO] 
[INFO] 
[INFO] --- spring-boot:4.0.6:run (default-cli) @ osp ---
[INFO] Attaching agents: []

  .   ____          _            __ _ _
 /\\ / ___'_ __ _ _(_)_ __  __ _ \ \ \ \
( ( )\___ | '_ | '_| | '_ \/ _` | \ \ \ \
 \\/  ___)| |_)| | | | | || (_| |  ) ) ) )
  '  |____| .__|_| |_|_| |_\__, | / / / /
 =========|_|==============|___/=/_/_/_/

 :: Spring Boot ::                (v4.0.6)

2026-06-26T22:06:16.977+03:00  INFO 31048 --- [osp] [           main] org.offitec.osp.OspApplication           : Starting OspApplication using Java 25.0.3 with PID 31048 (C:\Users\mak\Desktop\fulls\OSP-Backend\target\classes started by mak in C:\Users\mak\Desktop\fulls\OSP-Backend)
2026-06-26T22:06:16.979+03:00  INFO 31048 --- [osp] [           main] org.offitec.osp.OspApplication           : The following 1 profile is active: "local"
2026-06-26T22:06:17.628+03:00  INFO 31048 --- [osp] [           main] .s.d.r.c.RepositoryConfigurationDelegate : Bootstrapping Spring Data JPA repositories in DEFAULT mode.
2026-06-26T22:06:17.740+03:00  INFO 31048 --- [osp] [           main] .s.d.r.c.RepositoryConfigurationDelegate : Finished Spring Data repository scanning in 105 ms. Found 24 JPA repository interfaces.
2026-06-26T22:06:18.237+03:00  INFO 31048 --- [osp] [           main] o.s.boot.tomcat.TomcatWebServer          : Tomcat initialized with port 8080 (http)
2026-06-26T22:06:18.252+03:00  INFO 31048 --- [osp] [           main] o.apache.catalina.core.StandardService   : Starting service [Tomcat]
2026-06-26T22:06:18.252+03:00  INFO 31048 --- [osp] [           main] o.apache.catalina.core.StandardEngine    : Starting Servlet engine: [Apache Tomcat/11.0.21]
2026-06-26T22:06:18.320+03:00  INFO 31048 --- [osp] [           main] b.w.c.s.WebApplicationContextInitializer : Root WebApplicationContext: initialization completed in 1307 ms
2026-06-26T22:06:18.473+03:00  INFO 31048 --- [osp] [           main] org.hibernate.orm.jpa                    : HHH008540: Processing PersistenceUnitInfo [name: default]
2026-06-26T22:06:18.513+03:00  INFO 31048 --- [osp] [           main] org.hibernate.orm.core                   : HHH000001: Hibernate ORM core version 7.2.12.Final
2026-06-26T22:06:18.859+03:00  INFO 31048 --- [osp] [           main] o.s.o.j.p.SpringPersistenceUnitInfo      : No LoadTimeWeaver setup: ignoring JPA class transformer
2026-06-26T22:06:18.884+03:00  INFO 31048 --- [osp] [           main] com.zaxxer.hikari.HikariDataSource       : HikariPool-1 - Starting...
2026-06-26T22:06:18.988+03:00  INFO 31048 --- [osp] [           main] com.zaxxer.hikari.pool.HikariPool        : HikariPool-1 - Added connection org.postgresql.jdbc.PgConnection@295d54d6
2026-06-26T22:06:18.989+03:00  INFO 31048 --- [osp] [           main] com.zaxxer.hikari.HikariDataSource       : HikariPool-1 - Start completed.
2026-06-26T22:06:19.016+03:00  WARN 31048 --- [osp] [           main] org.hibernate.orm.deprecation            : HHH90000025: PostgreSQLDialect does not need to be specified explicitly using 'hibernate.dialect' (remove the property setting and it will be selected by default)
2026-06-26T22:06:19.040+03:00  INFO 31048 --- [osp] [           main] org.hibernate.orm.connections.pooling    : HHH10001005: Database info:
	Database JDBC URL [jdbc:postgresql://localhost:5432/osp]
	Database driver: PostgreSQL JDBC Driver
	Database dialect: PostgreSQLDialect
	Database version: 18.4
	Default catalog/schema: osp/public
	Autocommit mode: undefined/unknown
	Isolation level: READ_COMMITTED [default READ_COMMITTED]
	JDBC fetch size: none
	Pool: DataSourceConnectionProvider
	Minimum pool size: undefined/unknown
	Maximum pool size: undefined/unknown
2026-06-26T22:06:20.293+03:00  INFO 31048 --- [osp] [           main] org.hibernate.orm.core                   : HHH000489: No JTA platform available (set 'hibernate.transaction.jta.platform' to enable JTA platform integration)
2026-06-26T22:06:20.379+03:00  INFO 31048 --- [osp] [           main] j.LocalContainerEntityManagerFactoryBean : Initialized JPA EntityManagerFactory for persistence unit 'default'
2026-06-26T22:06:20.426+03:00  INFO 31048 --- [osp] [           main] o.s.d.j.r.query.QueryEnhancerFactories   : Hibernate is in classpath; If applicable, HQL parser will be used.
2026-06-26T22:06:22.269+03:00  INFO 31048 --- [osp] [           main] o.o.o.i.coolprop.CoolPropNative          : CoolProp native library loaded from C:\Users\mak\AppData\Local\Temp\coolprop10291189184961992255\CoolProp.dll
2026-06-26T22:06:22.495+03:00  WARN 31048 --- [osp] [           main] JpaBaseConfiguration$JpaWebConfiguration : spring.jpa.open-in-view is enabled by default. Therefore, database queries may be performed during view rendering. Explicitly configure spring.jpa.open-in-view to disable this warning
2026-06-26T22:06:22.556+03:00  WARN 31048 --- [osp] [           main] .s.a.UserDetailsServiceAutoConfiguration : 

Using generated security password: 3899face-0f3c-48e7-8bc0-047843e6db3e

This generated password is for development use only. Your security configuration must be updated before running your application in production.

2026-06-26T22:06:22.562+03:00  INFO 31048 --- [osp] [           main] r$InitializeUserDetailsManagerConfigurer : Global AuthenticationManager configured with UserDetailsService bean with name inMemoryUserDetailsManager
2026-06-26T22:06:22.861+03:00  WARN 31048 --- [osp] [           main] ion$DefaultTemplateResolverConfiguration : Cannot find template location: classpath:/templates/ (please add some templates, check your Thymeleaf configuration, or set spring.thymeleaf.check-template-location=false)
2026-06-26T22:06:22.946+03:00  INFO 31048 --- [osp] [           main] o.s.boot.tomcat.TomcatWebServer          : Tomcat started on port 8080 (http) with context path '/'
2026-06-26T22:06:22.952+03:00  INFO 31048 --- [osp] [           main] org.offitec.osp.OspApplication           : Started OspApplication in 6.367 seconds (process running for 6.764)
Hibernate: select u1_0.id,case when u1_1.id is not null then 1 when u1_0.id is not null then 0 end,u1_0.address,u1_0.category,u1_0.city,u1_0.country,u1_0.created_at,u1_0.deleted_at,u1_0.deleted_by,u1_0.email,u1_0.image_url,u1_0.is_deleted,u1_0.password,u1_0.password_update_date,u1_0.phone,u1_0.role,u1_0.status,u1_0.username,u1_1.surname from users u1_0 left join admin u1_1 on u1_0.id=u1_1.id where u1_0.email=?
Hibernate: select a1_0.id,a1_1.address,a1_1.category,a1_1.city,a1_1.country,a1_1.created_at,a1_1.deleted_at,a1_1.deleted_by,a1_1.email,a1_1.image_url,a1_1.is_deleted,a1_1.password,a1_1.password_update_date,a1_1.phone,a1_1.role,a1_1.status,a1_1.username,a1_0.surname from admin a1_0 join users a1_1 on a1_0.id=a1_1.id where a1_0.id=?
Hibernate: update users set address=?,category=?,city=?,country=?,deleted_at=?,deleted_by=?,email=?,image_url=?,is_deleted=?,password=?,password_update_date=?,phone=?,role=?,status=?,username=? where id=?
Default admin updated: admin@email.com
Hibernate: select u1_0.id,case when u1_1.id is not null then 1 when u1_0.id is not null then 0 end,u1_0.address,u1_0.category,u1_0.city,u1_0.country,u1_0.created_at,u1_0.deleted_at,u1_0.deleted_by,u1_0.email,u1_0.image_url,u1_0.is_deleted,u1_0.password,u1_0.password_update_date,u1_0.phone,u1_0.role,u1_0.status,u1_0.username,u1_1.surname from users u1_0 left join admin u1_1 on u1_0.id=u1_1.id where u1_0.email=?
Hibernate: select u1_0.id,case when u1_1.id is not null then 1 when u1_0.id is not null then 0 end,u1_0.address,u1_0.category,u1_0.city,u1_0.country,u1_0.created_at,u1_0.deleted_at,u1_0.deleted_by,u1_0.email,u1_0.image_url,u1_0.is_deleted,u1_0.password,u1_0.password_update_date,u1_0.phone,u1_0.role,u1_0.status,u1_0.username,u1_1.surname from users u1_0 left join admin u1_1 on u1_0.id=u1_1.id where u1_0.id=?
Hibernate: update users set address=?,category=?,city=?,country=?,deleted_at=?,deleted_by=?,email=?,image_url=?,is_deleted=?,password=?,password_update_date=?,phone=?,role=?,status=?,username=? where id=?
Default user updated: user@email.com
2026-06-26T22:06:43.183+03:00  INFO 31048 --- [osp] [nio-8080-exec-1] o.a.c.c.C.[Tomcat].[localhost].[/]       : Initializing Spring DispatcherServlet 'dispatcherServlet'
2026-06-26T22:06:43.183+03:00  INFO 31048 --- [osp] [nio-8080-exec-1] o.s.web.servlet.DispatcherServlet        : Initializing Servlet 'dispatcherServlet'
2026-06-26T22:06:43.185+03:00  INFO 31048 --- [osp] [nio-8080-exec-1] o.s.web.servlet.DispatcherServlet        : Completed initialization in 1 ms
Hibernate: select u1_0.id,case when u1_1.id is not null then 1 when u1_0.id is not null then 0 end,u1_0.address,u1_0.category,u1_0.city,u1_0.country,u1_0.created_at,u1_0.deleted_at,u1_0.deleted_by,u1_0.email,u1_0.image_url,u1_0.is_deleted,u1_0.password,u1_0.password_update_date,u1_0.phone,u1_0.role,u1_0.status,u1_0.username,u1_1.surname from users u1_0 left join admin u1_1 on u1_0.id=u1_1.id where u1_0.email=?
Hibernate: select u1_0.id,case when u1_1.id is not null then 1 when u1_0.id is not null then 0 end,u1_0.address,u1_0.category,u1_0.city,u1_0.country,u1_0.created_at,u1_0.deleted_at,u1_0.deleted_by,u1_0.email,u1_0.image_url,u1_0.is_deleted,u1_0.password,u1_0.password_update_date,u1_0.phone,u1_0.role,u1_0.status,u1_0.username,u1_1.surname from users u1_0 left join admin u1_1 on u1_0.id=u1_1.id where u1_0.email=?
Hibernate: select r1_0.id,r1_0.code,r1_0.coolprop_name,r1_0.deleted,r1_0.library,r1_0.name from refrigerant r1_0
Hibernate: select u1_0.id,case when u1_1.id is not null then 1 when u1_0.id is not null then 0 end,u1_0.address,u1_0.category,u1_0.city,u1_0.country,u1_0.created_at,u1_0.deleted_at,u1_0.deleted_by,u1_0.email,u1_0.image_url,u1_0.is_deleted,u1_0.password,u1_0.password_update_date,u1_0.phone,u1_0.role,u1_0.status,u1_0.username,u1_1.surname from users u1_0 left join admin u1_1 on u1_0.id=u1_1.id where u1_0.email=?
Hibernate: select c1_0.id,c1_0.brand,c1_0.deleted,c1_0.displacement,c1_0.frascold_type,c1_0.imported,c1_0.lra,c1_0.mdd_key,c1_0.moc,c1_0.model,c1_0.model_description,c1_0.nominal_hp,c1_0.oil_a,c1_0.oil_b,c1_0.oil_c,c1_0.piston_count,c1_0.refrigerant_id,c1_0.src_key,c1_0.t_dis_max,c1_0.type from compressor c1_0
Hibernate: select u1_0.id,case when u1_1.id is not null then 1 when u1_0.id is not null then 0 end,u1_0.address,u1_0.category,u1_0.city,u1_0.country,u1_0.created_at,u1_0.deleted_at,u1_0.deleted_by,u1_0.email,u1_0.image_url,u1_0.is_deleted,u1_0.password,u1_0.password_update_date,u1_0.phone,u1_0.role,u1_0.status,u1_0.username,u1_1.surname from users u1_0 left join admin u1_1 on u1_0.id=u1_1.id where u1_0.email=?
Hibernate: select cr1_0.id,r1_0.code,c1_0.brand,c1_0.type,c1_0.model from compressor_rating cr1_0 join compressor c1_0 on c1_0.id=cr1_0.compressor_id join refrigerant r1_0 on r1_0.id=cr1_0.refrigerant_id where cr1_0.calculable=true and c1_0.deleted=false order by r1_0.code,c1_0.brand,c1_0.type,c1_0.model
2026-06-26T22:06:43.919+03:00  WARN 31048 --- [osp] [nio-8080-exec-7] .w.s.m.s.DefaultHandlerExceptionResolver : Ignoring exception, response committed already: org.springframework.http.converter.HttpMessageNotWritableException: Could not write JSON: ServletOutputStream failed to write: java.io.IOException: Connection reset by peer
[INFO] ------------------------------------------------------------------------
[INFO] BUILD FAILURE
[INFO] ------------------------------------------------------------------------
[INFO] Total time:  46.746 s
[INFO] Finished at: 2026-06-26T22:07:00+03:00
[INFO] ------------------------------------------------------------------------
[ERROR] Failed to execute goal org.springframework.boot:spring-boot-maven-plugin:4.0.6:run (default-cli) on project osp: Process terminated with exit code: -1 -> [Help 1]
[ERROR] 
[ERROR] To see the full stack trace of the errors, re-run Maven with the -e switch.
[ERROR] Re-run Maven using the -X switch to enable full debug logging.
[ERROR] 
[ERROR] For more information about the errors and possible solutions, please read the following articles:
[ERROR] [Help 1] http://cwiki.apache.org/confluence/display/MAVEN/MojoExecutionException
